<?xml version="1.0" encoding="UTF-8"?>
<testng-results ignored="0" total="1" passed="1" failed="0" skipped="0">
  <reporter-output>
  </reporter-output>
  <suite started-at="2025-07-17T13:20:18 IST" name="Default suite" finished-at="2025-07-17T13:21:10 IST" duration-ms="52334">
    <groups>
    </groups>
    <test started-at="2025-07-17T13:20:18 IST" name="Default test" finished-at="2025-07-17T13:21:10 IST" duration-ms="52334">
      <class name="reporttest.thJuly.AmazonWebTableTest">
        <test-method signature="extractSamsungMobileDetails()[pri:0, instance:reporttest.thJuly.AmazonWebTableTest@5c33f1a9]" started-at="2025-07-17T13:20:18 IST" name="extractSamsungMobileDetails" finished-at="2025-07-17T13:21:10 IST" duration-ms="52125" status="PASS">
          <reporter-output>
          </reporter-output>
        </test-method> <!-- extractSamsungMobileDetails -->
      </class> <!-- reporttest.thJuly.AmazonWebTableTest -->
    </test> <!-- Default test -->
  </suite> <!-- Default suite -->
</testng-results>
